<?xml version="1.0" encoding="UTF-8" ?>
<testsuites disabled="0" errors="0" failures="0" tests="1" time="4">
 <testsuite name="A basic test group" timestamp="2018-03-31T14:01:35" hostname="localhost" time="0.004" errors="0" tests="1" skipped="0" disabled="0" failures="0">
  <testcase classname="A basic test group" name="can run tests" time="0.002" />
 </testsuite>
</testsuites>